<?xml version="1.0" encoding="utf-8"?><testsuites name="pytest tests"><testsuite name="pytest" errors="0" failures="0" skipped="0" tests="11" time="6.994" timestamp="2026-05-11T07:28:07.962664+00:00" hostname="agent-env-dbe68c66-baef-4698-a2d8-880650172ce0"><testcase classname="backend.tests.test_bioracle" name="test_root" time="0.271" /><testcase classname="backend.tests.test_bioracle" name="test_acoustic_lectin" time="5.303" /><testcase classname="backend.tests.test_bioracle" name="test_acoustic_mmc" time="0.137" /><testcase classname="backend.tests.test_bioracle" name="test_acoustic_optimal" time="0.110" /><testcase classname="backend.tests.test_bioracle" name="test_fingerprint_valid" time="0.219" /><testcase classname="backend.tests.test_bioracle" name="test_fingerprint_empty" time="0.115" /><testcase classname="backend.tests.test_bioracle" name="test_triage_critical" time="0.174" /><testcase classname="backend.tests.test_bioracle" name="test_triage_stable" time="0.109" /><testcase classname="backend.tests.test_bioracle" name="test_stealth_high" time="0.113" /><testcase classname="backend.tests.test_bioracle" name="test_stealth_optimized" time="0.171" /><testcase classname="backend.tests.test_bioracle" name="test_history" time="0.137" /></testsuite></testsuites>